\BOOKMARK [1][-]{section.1}{Requirements}{}% 1
\BOOKMARK [1][-]{section.2}{Usage}{}% 2
\BOOKMARK [2][-]{subsection.2.1}{Building the document}{section.2}% 3
\BOOKMARK [2][-]{subsection.2.2}{Typesetting mathematical formul\346}{section.2}% 4
\BOOKMARK [2][-]{subsection.2.3}{Typesetting tables}{section.2}% 5
\BOOKMARK [2][-]{subsection.2.4}{Typesetting algorithms}{section.2}% 6
\BOOKMARK [2][-]{subsection.2.5}{Typesetting code}{section.2}% 7
\BOOKMARK [3][-]{subsubsection.2.5.1}{C++}{subsection.2.5}% 8
\BOOKMARK [3][-]{subsubsection.2.5.2}{Python}{subsection.2.5}% 9
\BOOKMARK [2][-]{subsection.2.6}{Handling supplementary material}{section.2}% 10
\BOOKMARK [2][-]{subsection.2.7}{Citations}{section.2}% 11
\BOOKMARK [2][-]{subsection.2.8}{Other}{section.2}% 12
\BOOKMARK [2][-]{subsection.2.9}{Checklist}{section.2}% 13
\BOOKMARK [1][-]{section.3}{Production after article was accepted}{}% 14
\BOOKMARK [2][-]{subsection.3.1}{The manuscript}{section.3}% 15
\BOOKMARK [2][-]{subsection.3.2}{The source code}{section.3}% 16
\BOOKMARK [2][-]{subsection.3.3}{The media directory}{section.3}% 17
\BOOKMARK [1][-]{section.4}{Philosophi\346 Naturalis Principia Mathematica}{}% 18
\BOOKMARK [2][-]{subsection.4.1}{Definitiones}{section.4}% 19
\BOOKMARK [3][-]{subsubsection.4.1.1}{Def. I}{subsection.4.1}% 20
\BOOKMARK [3][-]{subsubsection.4.1.2}{Def. II}{subsection.4.1}% 21
\BOOKMARK [3][-]{subsubsection.4.1.3}{Def. III}{subsection.4.1}% 22
